# JRE version: OpenJDK Runtime Environment (17.0.9) (build 17.0.9+0--11185874)
# Java VM: OpenJDK 64-Bit Server VM (17.0.9+0--11185874, mixed mode, tiered, compressed oops, compressed class ptrs, g1 gc, windows-amd64)
GC Precious Log:
 CPUs: 8 total, 8 available
 Memory: 8068M
 Large Page Support: Disabled
 NUMA Support: Disabled
 Compressed Oops: Enabled (32-bit)
 Heap Region Size: 1M
 Heap Min Capacity: 8M
 Heap Initial Capacity: 128M
 Heap Max Capacity: 2G
 Pre-touch: Disabled
 Parallel Workers: 8
 Concurrent Workers: 2
 Concurrent Refinement Workers: 8
 Periodic GC: Disabled
Heap:
 garbage-first heap   total 455680K, used 219346K [0x0000000080000000, 0x0000000100000000)
  region size 1024K, 66 young (67584K), 8 survivors (8192K)
 Metaspace       used 123002K, committed 123840K, reserved 1179648K
  class space    used 16452K, committed 16896K, reserved 1048576K
GC Heap History (20 events):
Event: 114.349 GC heap before
{Heap before GC invocations=65 (full 0):
 garbage-first heap   total 171008K, used 93395K [0x0000000080000000, 0x0000000100000000)
  region size 1024K, 8 young (8192K), 7 survivors (7168K)
 Metaspace       used 99910K, committed 100736K, reserved 1179648K
  class space    used 14007K, committed 14400K, reserved 1048576K
}
Event: 114.360 GC heap after
{Heap after GC invocations=66 (full 0):
 garbage-first heap   total 171008K, used 93684K [0x0000000080000000, 0x0000000100000000)
  region size 1024K, 1 young (1024K), 1 survivors (1024K)
 Metaspace       used 99910K, committed 100736K, reserved 1179648K
  class space    used 14007K, committed 14400K, reserved 1048576K
}
Event: 115.589 GC heap before
{Heap before GC invocations=66 (full 0):
 garbage-first heap   total 171008K, used 140788K [0x0000000080000000, 0x0000000100000000)
  region size 1024K, 48 young (49152K), 1 survivors (1024K)
 Metaspace       used 100639K, committed 101440K, reserved 1179648K
  class space    used 14146K, committed 14528K, reserved 1048576K
}
Event: 115.595 GC heap after
{Heap after GC invocations=67 (full 0):
 garbage-first heap   total 171008K, used 95609K [0x0000000080000000, 0x0000000100000000)
  region size 1024K, 3 young (3072K), 3 survivors (3072K)
 Metaspace       used 100639K, committed 101440K, reserved 1179648K
  class space    used 14146K, committed 14528K, reserved 1048576K
}
Event: 117.258 GC heap before
{Heap before GC invocations=68 (full 0):
 garbage-first heap   total 174080K, used 146809K [0x0000000080000000, 0x0000000100000000)
  region size 1024K, 49 young (50176K), 3 survivors (3072K)
 Metaspace       used 103470K, committed 104320K, reserved 1179648K
  class space    used 14402K, committed 14784K, reserved 1048576K
}
Event: 117.265 GC heap after
{Heap after GC invocations=69 (full 0):
 garbage-first heap   total 174080K, used 97560K [0x0000000080000000, 0x0000000100000000)
  region size 1024K, 5 young (5120K), 5 survivors (5120K)
 Metaspace       used 103470K, committed 104320K, reserved 1179648K
  class space    used 14402K, committed 14784K, reserved 1048576K
}
Event: 117.465 GC heap before
{Heap before GC invocations=69 (full 0):
 garbage-first heap   total 174080K, used 100632K [0x0000000080000000, 0x0000000100000000)
  region size 1024K, 8 young (8192K), 5 survivors (5120K)
 Metaspace       used 103700K, committed 104512K, reserved 1179648K
  class space    used 14402K, committed 14784K, reserved 1048576K
}
Event: 117.473 GC heap after
{Heap after GC invocations=70 (full 0):
 garbage-first heap   total 174080K, used 98106K [0x0000000080000000, 0x0000000100000000)
  region size 1024K, 1 young (1024K), 1 survivors (1024K)
 Metaspace       used 103700K, committed 104512K, reserved 1179648K
  class space    used 14402K, committed 14784K, reserved 1048576K
}
Event: 119.652 GC heap before
{Heap before GC invocations=70 (full 0):
 garbage-first heap   total 174080K, used 145210K [0x0000000080000000, 0x0000000100000000)
  region size 1024K, 48 young (49152K), 1 survivors (1024K)
 Metaspace       used 104016K, committed 104768K, reserved 1179648K
  class space    used 14404K, committed 14784K, reserved 1048576K
}
Event: 119.662 GC heap after
{Heap after GC invocations=71 (full 0):
 garbage-first heap   total 174080K, used 112928K [0x0000000080000000, 0x0000000100000000)
  region size 1024K, 6 young (6144K), 6 survivors (6144K)
 Metaspace       used 104016K, committed 104768K, reserved 1179648K
  class space    used 14404K, committed 14784K, reserved 1048576K
}
Event: 120.379 GC heap before
{Heap before GC invocations=72 (full 0):
 garbage-first heap   total 209920K, used 146720K [0x0000000080000000, 0x0000000100000000)
  region size 1024K, 30 young (30720K), 6 survivors (6144K)
 Metaspace       used 104033K, committed 104832K, reserved 1179648K
  class space    used 14404K, committed 14784K, reserved 1048576K
}
Event: 120.403 GC heap after
{Heap after GC invocations=73 (full 0):
 garbage-first heap   total 209920K, used 129412K [0x0000000080000000, 0x0000000100000000)
  region size 1024K, 4 young (4096K), 4 survivors (4096K)
 Metaspace       used 104033K, committed 104832K, reserved 1179648K
  class space    used 14404K, committed 14784K, reserved 1048576K
}
Event: 120.605 GC heap before
{Heap before GC invocations=73 (full 0):
 garbage-first heap   total 209920K, used 134532K [0x0000000080000000, 0x0000000100000000)
  region size 1024K, 10 young (10240K), 4 survivors (4096K)
 Metaspace       used 104049K, committed 104832K, reserved 1179648K
  class space    used 14404K, committed 14784K, reserved 1048576K
}
Event: 120.618 GC heap after
{Heap after GC invocations=74 (full 0):
 garbage-first heap   total 455680K, used 133119K [0x0000000080000000, 0x0000000100000000)
  region size 1024K, 2 young (2048K), 2 survivors (2048K)
 Metaspace       used 104049K, committed 104832K, reserved 1179648K
  class space    used 14404K, committed 14784K, reserved 1048576K
}
Event: 125.198 GC heap before
{Heap before GC invocations=74 (full 0):
 garbage-first heap   total 455680K, used 350207K [0x0000000080000000, 0x0000000100000000)
  region size 1024K, 179 young (183296K), 2 survivors (2048K)
 Metaspace       used 108808K, committed 109760K, reserved 1179648K
  class space    used 14895K, committed 15360K, reserved 1048576K
}
Event: 125.330 GC heap after
{Heap after GC invocations=75 (full 0):
 garbage-first heap   total 455680K, used 156262K [0x0000000080000000, 0x0000000100000000)
  region size 1024K, 23 young (23552K), 23 survivors (23552K)
 Metaspace       used 108808K, committed 109760K, reserved 1179648K
  class space    used 14895K, committed 15360K, reserved 1048576K
}
Event: 127.120 GC heap before
{Heap before GC invocations=75 (full 0):
 garbage-first heap   total 455680K, used 326246K [0x0000000080000000, 0x0000000100000000)
  region size 1024K, 190 young (194560K), 23 survivors (23552K)
 Metaspace       used 112595K, committed 113472K, reserved 1179648K
  class space    used 15226K, committed 15680K, reserved 1048576K
}
Event: 127.183 GC heap after
{Heap after GC invocations=76 (full 0):
 garbage-first heap   total 455680K, used 156642K [0x0000000080000000, 0x0000000100000000)
  region size 1024K, 3 young (3072K), 3 survivors (3072K)
 Metaspace       used 112595K, committed 113472K, reserved 1179648K
  class space    used 15226K, committed 15680K, reserved 1048576K
}
Event: 133.189 GC heap before
{Heap before GC invocations=76 (full 0):
 garbage-first heap   total 455680K, used 345058K [0x0000000080000000, 0x0000000100000000)
  region size 1024K, 186 young (190464K), 3 survivors (3072K)
 Metaspace       used 116056K, committed 116928K, reserved 1179648K
  class space    used 15581K, committed 16000K, reserved 1048576K
}
Event: 133.240 GC heap after
{Heap after GC invocations=77 (full 0):
 garbage-first heap   total 455680K, used 162002K [0x0000000080000000, 0x0000000100000000)
  region size 1024K, 8 young (8192K), 8 survivors (8192K)
 Metaspace       used 116056K, committed 116928K, reserved 1179648K
  class space    used 15581K, committed 16000K, reserved 1048576K
}

