# JRE version: OpenJDK Runtime Environment (17.0.9) (build 17.0.9+0--11185874)
# Java VM: OpenJDK 64-Bit Server VM (17.0.9+0--11185874, mixed mode, tiered, compressed oops, compressed class ptrs, g1 gc, windows-amd64)
GC Precious Log:
 CPUs: 8 total, 8 available
 Memory: 8068M
 Large Page Support: Disabled
 NUMA Support: Disabled
 Compressed Oops: Enabled (32-bit)
 Heap Region Size: 1M
 Heap Min Capacity: 8M
 Heap Initial Capacity: 128M
 Heap Max Capacity: 2G
 Pre-touch: Disabled
 Parallel Workers: 8
 Concurrent Workers: 2
 Concurrent Refinement Workers: 8
 Periodic GC: Disabled
Heap:
 garbage-first heap   total 378880K, used 147706K [0x0000000080000000, 0x0000000100000000)
  region size 1024K, 9 young (9216K), 9 survivors (9216K)
 Metaspace       used 116978K, committed 117824K, reserved 1179648K
  class space    used 16347K, committed 16768K, reserved 1048576K
GC Heap History (20 events):
Event: 54.291 GC heap after
{Heap after GC invocations=48 (full 0):
 garbage-first heap   total 157696K, used 111966K [0x0000000080000000, 0x0000000100000000)
  region size 1024K, 4 young (4096K), 4 survivors (4096K)
 Metaspace       used 103008K, committed 103808K, reserved 1179648K
  class space    used 14363K, committed 14784K, reserved 1048576K
}
Event: 55.424 GC heap before
{Heap before GC invocations=49 (full 0):
 garbage-first heap   total 189440K, used 126302K [0x0000000080000000, 0x0000000100000000)
  region size 1024K, 23 young (23552K), 4 survivors (4096K)
 Metaspace       used 105386K, committed 106176K, reserved 1179648K
  class space    used 14674K, committed 15104K, reserved 1048576K
}
Event: 55.437 GC heap after
{Heap after GC invocations=50 (full 0):
 garbage-first heap   total 189440K, used 109939K [0x0000000080000000, 0x0000000100000000)
  region size 1024K, 3 young (3072K), 3 survivors (3072K)
 Metaspace       used 105386K, committed 106176K, reserved 1179648K
  class space    used 14674K, committed 15104K, reserved 1048576K
}
Event: 55.455 GC heap before
{Heap before GC invocations=50 (full 0):
 garbage-first heap   total 189440K, used 116083K [0x0000000080000000, 0x0000000100000000)
  region size 1024K, 9 young (9216K), 3 survivors (3072K)
 Metaspace       used 105398K, committed 106240K, reserved 1179648K
  class space    used 14679K, committed 15104K, reserved 1048576K
}
Event: 55.467 GC heap after
{Heap after GC invocations=51 (full 0):
 garbage-first heap   total 189440K, used 108734K [0x0000000080000000, 0x0000000100000000)
  region size 1024K, 1 young (1024K), 1 survivors (1024K)
 Metaspace       used 105398K, committed 106240K, reserved 1179648K
  class space    used 14679K, committed 15104K, reserved 1048576K
}
Event: 57.192 GC heap before
{Heap before GC invocations=51 (full 0):
 garbage-first heap   total 189440K, used 158910K [0x0000000080000000, 0x0000000100000000)
  region size 1024K, 46 young (47104K), 1 survivors (1024K)
 Metaspace       used 107559K, committed 108352K, reserved 1179648K
  class space    used 14906K, committed 15296K, reserved 1048576K
}
Event: 57.212 GC heap after
{Heap after GC invocations=52 (full 0):
 garbage-first heap   total 378880K, used 109787K [0x0000000080000000, 0x0000000100000000)
  region size 1024K, 2 young (2048K), 2 survivors (2048K)
 Metaspace       used 107559K, committed 108352K, reserved 1179648K
  class space    used 14906K, committed 15296K, reserved 1048576K
}
Event: 58.786 GC heap before
{Heap before GC invocations=53 (full 0):
 garbage-first heap   total 378880K, used 294107K [0x0000000080000000, 0x0000000100000000)
  region size 1024K, 183 young (187392K), 2 survivors (2048K)
 Metaspace       used 107700K, committed 108544K, reserved 1179648K
  class space    used 14922K, committed 15360K, reserved 1048576K
}
Event: 58.964 GC heap after
{Heap after GC invocations=54 (full 0):
 garbage-first heap   total 378880K, used 110806K [0x0000000080000000, 0x0000000100000000)
  region size 1024K, 3 young (3072K), 3 survivors (3072K)
 Metaspace       used 107700K, committed 108544K, reserved 1179648K
  class space    used 14922K, committed 15360K, reserved 1048576K
}
Event: 59.048 GC heap before
{Heap before GC invocations=54 (full 0):
 garbage-first heap   total 378880K, used 125142K [0x0000000080000000, 0x0000000100000000)
  region size 1024K, 18 young (18432K), 3 survivors (3072K)
 Metaspace       used 107702K, committed 108544K, reserved 1179648K
  class space    used 14923K, committed 15360K, reserved 1048576K
}
Event: 59.363 GC heap after
{Heap after GC invocations=55 (full 0):
 garbage-first heap   total 378880K, used 109096K [0x0000000080000000, 0x0000000100000000)
  region size 1024K, 2 young (2048K), 2 survivors (2048K)
 Metaspace       used 107702K, committed 108544K, reserved 1179648K
  class space    used 14923K, committed 15360K, reserved 1048576K
}
Event: 59.880 GC heap before
{Heap before GC invocations=55 (full 0):
 garbage-first heap   total 378880K, used 142888K [0x0000000080000000, 0x0000000100000000)
  region size 1024K, 36 young (36864K), 2 survivors (2048K)
 Metaspace       used 107714K, committed 108544K, reserved 1179648K
  class space    used 14924K, committed 15360K, reserved 1048576K
}
Event: 59.951 GC heap after
{Heap after GC invocations=56 (full 0):
 garbage-first heap   total 378880K, used 108720K [0x0000000080000000, 0x0000000100000000)
  region size 1024K, 1 young (1024K), 1 survivors (1024K)
 Metaspace       used 107714K, committed 108544K, reserved 1179648K
  class space    used 14924K, committed 15360K, reserved 1048576K
}
Event: 60.825 GC heap before
{Heap before GC invocations=56 (full 0):
 garbage-first heap   total 378880K, used 191664K [0x0000000080000000, 0x0000000100000000)
  region size 1024K, 83 young (84992K), 1 survivors (1024K)
 Metaspace       used 107741K, committed 108608K, reserved 1179648K
  class space    used 14926K, committed 15360K, reserved 1048576K
}
Event: 60.842 GC heap after
{Heap after GC invocations=57 (full 0):
 garbage-first heap   total 378880K, used 108655K [0x0000000080000000, 0x0000000100000000)
  region size 1024K, 1 young (1024K), 1 survivors (1024K)
 Metaspace       used 107741K, committed 108608K, reserved 1179648K
  class space    used 14926K, committed 15360K, reserved 1048576K
}
Event: 70.797 GC heap before
{Heap before GC invocations=57 (full 0):
 garbage-first heap   total 378880K, used 323695K [0x0000000080000000, 0x0000000100000000)
  region size 1024K, 212 young (217088K), 1 survivors (1024K)
 Metaspace       used 108037K, committed 108864K, reserved 1179648K
  class space    used 14957K, committed 15360K, reserved 1048576K
}
Event: 70.828 GC heap after
{Heap after GC invocations=58 (full 0):
 garbage-first heap   total 378880K, used 109472K [0x0000000080000000, 0x0000000100000000)
  region size 1024K, 2 young (2048K), 2 survivors (2048K)
 Metaspace       used 108037K, committed 108864K, reserved 1179648K
  class space    used 14957K, committed 15360K, reserved 1048576K
}
Event: 74.503 GC heap before
{Heap before GC invocations=58 (full 0):
 garbage-first heap   total 378880K, used 327584K [0x0000000080000000, 0x0000000100000000)
  region size 1024K, 216 young (221184K), 2 survivors (2048K)
 Metaspace       used 116779K, committed 117632K, reserved 1179648K
  class space    used 16319K, committed 16704K, reserved 1048576K
}
Event: 74.669 GC heap after
{Heap after GC invocations=59 (full 0):
 garbage-first heap   total 378880K, used 138492K [0x0000000080000000, 0x0000000100000000)
  region size 1024K, 27 young (27648K), 27 survivors (27648K)
 Metaspace       used 116779K, committed 117632K, reserved 1179648K
  class space    used 16319K, committed 16704K, reserved 1048576K
}
Event: 75.096 GC heap before
{Heap before GC invocations=59 (full 0):
 garbage-first heap   total 378880K, used 181500K [0x0000000080000000, 0x0000000100000000)
  region size 1024K, 69 young (70656K), 27 survivors (27648K)
 Metaspace       used 116978K, committed 117824K, reserved 1179648K
  class space    used 16347K, committed 16768K, reserved 1048576K
}

