# JRE version: OpenJDK Runtime Environment (17.0.9) (build 17.0.9+0--11185874)
# Java VM: OpenJDK 64-Bit Server VM (17.0.9+0--11185874, mixed mode, tiered, compressed oops, compressed class ptrs, g1 gc, windows-amd64)
GC Precious Log:
 CPUs: 8 total, 8 available
 Memory: 8068M
 Large Page Support: Disabled
 NUMA Support: Disabled
 Compressed Oops: Enabled (32-bit)
 Heap Region Size: 1M
 Heap Min Capacity: 8M
 Heap Initial Capacity: 128M
 Heap Max Capacity: 2G
 Pre-touch: Disabled
 Parallel Workers: 8
 Concurrent Workers: 2
 Concurrent Refinement Workers: 8
 Periodic GC: Disabled
Heap:
 garbage-first heap   total 335872K, used 180859K [0x0000000080000000, 0x0000000100000000)
  region size 1024K, 11 young (11264K), 11 survivors (11264K)
 Metaspace       used 147553K, committed 148608K, reserved 1179648K
  class space    used 20452K, committed 20992K, reserved 1048576K
GC Heap History (20 events):
Event: 1799.426 GC heap after
{Heap after GC invocations=74 (full 0):
 garbage-first heap   total 335872K, used 156672K [0x0000000080000000, 0x0000000100000000)
  region size 1024K, 2 young (2048K), 2 survivors (2048K)
 Metaspace       used 141603K, committed 142592K, reserved 1179648K
  class space    used 19891K, committed 20352K, reserved 1048576K
}
Event: 1801.346 GC heap before
{Heap before GC invocations=74 (full 0):
 garbage-first heap   total 335872K, used 178176K [0x0000000080000000, 0x0000000100000000)
  region size 1024K, 25 young (25600K), 2 survivors (2048K)
 Metaspace       used 141673K, committed 142720K, reserved 1179648K
  class space    used 19900K, committed 20416K, reserved 1048576K
}
Event: 1801.351 GC heap after
{Heap after GC invocations=75 (full 0):
 garbage-first heap   total 335872K, used 160554K [0x0000000080000000, 0x0000000100000000)
  region size 1024K, 6 young (6144K), 6 survivors (6144K)
 Metaspace       used 141673K, committed 142720K, reserved 1179648K
  class space    used 19900K, committed 20416K, reserved 1048576K
}
Event: 1921.142 GC heap before
{Heap before GC invocations=76 (full 0):
 garbage-first heap   total 335872K, used 308010K [0x0000000080000000, 0x0000000100000000)
  region size 1024K, 117 young (119808K), 6 survivors (6144K)
 Metaspace       used 141921K, committed 142912K, reserved 1179648K
  class space    used 19904K, committed 20416K, reserved 1048576K
}
Event: 1921.149 GC heap after
{Heap after GC invocations=77 (full 0):
 garbage-first heap   total 335872K, used 159744K [0x0000000080000000, 0x0000000100000000)
  region size 1024K, 6 young (6144K), 6 survivors (6144K)
 Metaspace       used 141921K, committed 142912K, reserved 1179648K
  class space    used 19904K, committed 20416K, reserved 1048576K
}
Event: 1921.236 GC heap before
{Heap before GC invocations=77 (full 0):
 garbage-first heap   total 335872K, used 168960K [0x0000000080000000, 0x0000000100000000)
  region size 1024K, 16 young (16384K), 6 survivors (6144K)
 Metaspace       used 141955K, committed 142976K, reserved 1179648K
  class space    used 19908K, committed 20416K, reserved 1048576K
}
Event: 1921.246 GC heap after
{Heap after GC invocations=78 (full 0):
 garbage-first heap   total 335872K, used 147123K [0x0000000080000000, 0x0000000100000000)
  region size 1024K, 2 young (2048K), 2 survivors (2048K)
 Metaspace       used 141955K, committed 142976K, reserved 1179648K
  class space    used 19908K, committed 20416K, reserved 1048576K
}
Event: 2026.338 GC heap before
{Heap before GC invocations=78 (full 0):
 garbage-first heap   total 335872K, used 275123K [0x0000000080000000, 0x0000000100000000)
  region size 1024K, 127 young (130048K), 2 survivors (2048K)
 Metaspace       used 142465K, committed 143552K, reserved 1179648K
  class space    used 19947K, committed 20480K, reserved 1048576K
}
Event: 2026.353 GC heap after
{Heap after GC invocations=79 (full 0):
 garbage-first heap   total 335872K, used 159973K [0x0000000080000000, 0x0000000100000000)
  region size 1024K, 14 young (14336K), 14 survivors (14336K)
 Metaspace       used 142465K, committed 143552K, reserved 1179648K
  class space    used 19947K, committed 20480K, reserved 1048576K
}
Event: 2765.728 GC heap before
{Heap before GC invocations=80 (full 0):
 garbage-first heap   total 335872K, used 273637K [0x0000000080000000, 0x0000000100000000)
  region size 1024K, 125 young (128000K), 14 survivors (14336K)
 Metaspace       used 142520K, committed 143616K, reserved 1179648K
  class space    used 19900K, committed 20480K, reserved 1048576K
}
Event: 2765.749 GC heap after
{Heap after GC invocations=81 (full 0):
 garbage-first heap   total 335872K, used 168367K [0x0000000080000000, 0x0000000100000000)
  region size 1024K, 10 young (10240K), 10 survivors (10240K)
 Metaspace       used 142520K, committed 143616K, reserved 1179648K
  class space    used 19900K, committed 20480K, reserved 1048576K
}
Event: 2765.817 GC heap before
{Heap before GC invocations=81 (full 0):
 garbage-first heap   total 335872K, used 174511K [0x0000000080000000, 0x0000000100000000)
  region size 1024K, 16 young (16384K), 10 survivors (10240K)
 Metaspace       used 142547K, committed 143616K, reserved 1179648K
  class space    used 19901K, committed 20480K, reserved 1048576K
}
Event: 2765.838 GC heap after
{Heap after GC invocations=82 (full 0):
 garbage-first heap   total 335872K, used 149458K [0x0000000080000000, 0x0000000100000000)
  region size 1024K, 2 young (2048K), 2 survivors (2048K)
 Metaspace       used 142547K, committed 143616K, reserved 1179648K
  class space    used 19901K, committed 20480K, reserved 1048576K
}
Event: 2766.214 GC heap before
{Heap before GC invocations=82 (full 0):
 garbage-first heap   total 335872K, used 182226K [0x0000000080000000, 0x0000000100000000)
  region size 1024K, 35 young (35840K), 2 survivors (2048K)
 Metaspace       used 142767K, committed 143808K, reserved 1179648K
  class space    used 19920K, committed 20480K, reserved 1048576K
}
Event: 2766.223 GC heap after
{Heap after GC invocations=83 (full 0):
 garbage-first heap   total 335872K, used 152752K [0x0000000080000000, 0x0000000100000000)
  region size 1024K, 6 young (6144K), 6 survivors (6144K)
 Metaspace       used 142767K, committed 143808K, reserved 1179648K
  class space    used 19920K, committed 20480K, reserved 1048576K
}
Event: 2768.727 GC heap before
{Heap before GC invocations=84 (full 0):
 garbage-first heap   total 335872K, used 271536K [0x0000000080000000, 0x0000000100000000)
  region size 1024K, 116 young (118784K), 6 survivors (6144K)
 Metaspace       used 145188K, committed 146176K, reserved 1179648K
  class space    used 20178K, committed 20672K, reserved 1048576K
}
Event: 2768.753 GC heap after
{Heap after GC invocations=85 (full 0):
 garbage-first heap   total 335872K, used 182659K [0x0000000080000000, 0x0000000100000000)
  region size 1024K, 15 young (15360K), 15 survivors (15360K)
 Metaspace       used 145188K, committed 146176K, reserved 1179648K
  class space    used 20178K, committed 20672K, reserved 1048576K
}
Event: 2768.795 GC heap before
{Heap before GC invocations=85 (full 0):
 garbage-first heap   total 335872K, used 183683K [0x0000000080000000, 0x0000000100000000)
  region size 1024K, 16 young (16384K), 15 survivors (15360K)
 Metaspace       used 145359K, committed 146432K, reserved 1179648K
  class space    used 20184K, committed 20736K, reserved 1048576K
}
Event: 2768.846 GC heap after
{Heap after GC invocations=86 (full 0):
 garbage-first heap   total 335872K, used 172032K [0x0000000080000000, 0x0000000100000000)
  region size 1024K, 2 young (2048K), 2 survivors (2048K)
 Metaspace       used 145359K, committed 146432K, reserved 1179648K
  class space    used 20184K, committed 20736K, reserved 1048576K
}
Event: 2770.022 GC heap before
{Heap before GC invocations=86 (full 0):
 garbage-first heap   total 335872K, used 209920K [0x0000000080000000, 0x0000000100000000)
  region size 1024K, 40 young (40960K), 2 survivors (2048K)
 Metaspace       used 147553K, committed 148608K, reserved 1179648K
  class space    used 20452K, committed 20992K, reserved 1048576K
}

