# JRE version: OpenJDK Runtime Environment (17.0.9) (build 17.0.9+0--11185874)
# Java VM: OpenJDK 64-Bit Server VM (17.0.9+0--11185874, mixed mode, tiered, compressed oops, compressed class ptrs, g1 gc, windows-amd64)
GC Precious Log:
 CPUs: 8 total, 8 available
 Memory: 8068M
 Large Page Support: Disabled
 NUMA Support: Disabled
 Compressed Oops: Enabled (32-bit)
 Heap Region Size: 1M
 Heap Min Capacity: 8M
 Heap Initial Capacity: 128M
 Heap Max Capacity: 2G
 Pre-touch: Disabled
 Parallel Workers: 8
 Concurrent Workers: 2
 Concurrent Refinement Workers: 8
 Periodic GC: Disabled
Heap:
 garbage-first heap   total 121856K, used 72669K [0x0000000080000000, 0x0000000100000000)
  region size 1024K, 15 young (15360K), 3 survivors (3072K)
 Metaspace       used 65152K, committed 65728K, reserved 1114112K
  class space    used 8837K, committed 9088K, reserved 1048576K
GC Heap History (20 events):
Event: 47.390 GC heap before
{Heap before GC invocations=17 (full 0):
 garbage-first heap   total 71680K, used 51547K [0x0000000080000000, 0x0000000100000000)
  region size 1024K, 20 young (20480K), 3 survivors (3072K)
 Metaspace       used 60040K, committed 60480K, reserved 1114112K
  class space    used 8221K, committed 8448K, reserved 1048576K
}
Event: 47.399 GC heap after
{Heap after GC invocations=18 (full 0):
 garbage-first heap   total 71680K, used 37323K [0x0000000080000000, 0x0000000100000000)
  region size 1024K, 4 young (4096K), 4 survivors (4096K)
 Metaspace       used 60040K, committed 60480K, reserved 1114112K
  class space    used 8221K, committed 8448K, reserved 1048576K
}
Event: 49.557 GC heap before
{Heap before GC invocations=19 (full 0):
 garbage-first heap   total 71680K, used 57803K [0x0000000080000000, 0x0000000100000000)
  region size 1024K, 24 young (24576K), 4 survivors (4096K)
 Metaspace       used 62478K, committed 63040K, reserved 1114112K
  class space    used 8508K, committed 8768K, reserved 1048576K
}
Event: 49.567 GC heap after
{Heap after GC invocations=20 (full 0):
 garbage-first heap   total 71680K, used 40209K [0x0000000080000000, 0x0000000100000000)
  region size 1024K, 3 young (3072K), 3 survivors (3072K)
 Metaspace       used 62478K, committed 63040K, reserved 1114112K
  class space    used 8508K, committed 8768K, reserved 1048576K
}
Event: 50.028 GC heap before
{Heap before GC invocations=20 (full 0):
 garbage-first heap   total 71680K, used 54545K [0x0000000080000000, 0x0000000100000000)
  region size 1024K, 19 young (19456K), 3 survivors (3072K)
 Metaspace       used 62924K, committed 63552K, reserved 1114112K
  class space    used 8546K, committed 8832K, reserved 1048576K
}
Event: 50.033 GC heap after
{Heap after GC invocations=21 (full 0):
 garbage-first heap   total 71680K, used 41513K [0x0000000080000000, 0x0000000100000000)
  region size 1024K, 2 young (2048K), 2 survivors (2048K)
 Metaspace       used 62924K, committed 63552K, reserved 1114112K
  class space    used 8546K, committed 8832K, reserved 1048576K
}
Event: 50.194 GC heap before
{Heap before GC invocations=22 (full 0):
 garbage-first heap   total 75776K, used 42537K [0x0000000080000000, 0x0000000100000000)
  region size 1024K, 3 young (3072K), 2 survivors (2048K)
 Metaspace       used 62937K, committed 63552K, reserved 1114112K
  class space    used 8547K, committed 8832K, reserved 1048576K
}
Event: 50.197 GC heap after
{Heap after GC invocations=23 (full 0):
 garbage-first heap   total 75776K, used 42701K [0x0000000080000000, 0x0000000100000000)
  region size 1024K, 2 young (2048K), 2 survivors (2048K)
 Metaspace       used 62937K, committed 63552K, reserved 1114112K
  class space    used 8547K, committed 8832K, reserved 1048576K
}
Event: 55.889 GC heap before
{Heap before GC invocations=24 (full 0):
 garbage-first heap   total 76800K, used 43725K [0x0000000080000000, 0x0000000100000000)
  region size 1024K, 4 young (4096K), 2 survivors (2048K)
 Metaspace       used 62940K, committed 63552K, reserved 1114112K
  class space    used 8547K, committed 8832K, reserved 1048576K
}
Event: 55.892 GC heap after
{Heap after GC invocations=25 (full 0):
 garbage-first heap   total 76800K, used 44777K [0x0000000080000000, 0x0000000100000000)
  region size 1024K, 3 young (3072K), 3 survivors (3072K)
 Metaspace       used 62940K, committed 63552K, reserved 1114112K
  class space    used 8547K, committed 8832K, reserved 1048576K
}
Event: 56.024 GC heap before
{Heap before GC invocations=26 (full 0):
 garbage-first heap   total 86016K, used 49897K [0x0000000080000000, 0x0000000100000000)
  region size 1024K, 5 young (5120K), 3 survivors (3072K)
 Metaspace       used 62990K, committed 63552K, reserved 1114112K
  class space    used 8556K, committed 8832K, reserved 1048576K
}
Event: 56.028 GC heap after
{Heap after GC invocations=27 (full 0):
 garbage-first heap   total 86016K, used 49282K [0x0000000080000000, 0x0000000100000000)
  region size 1024K, 1 young (1024K), 1 survivors (1024K)
 Metaspace       used 62990K, committed 63552K, reserved 1114112K
  class space    used 8556K, committed 8832K, reserved 1048576K
}
Event: 64.978 GC heap before
{Heap before GC invocations=28 (full 0):
 garbage-first heap   total 87040K, used 51330K [0x0000000080000000, 0x0000000100000000)
  region size 1024K, 4 young (4096K), 1 survivors (1024K)
 Metaspace       used 63005K, committed 63552K, reserved 1114112K
  class space    used 8556K, committed 8832K, reserved 1048576K
}
Event: 64.980 GC heap after
{Heap after GC invocations=29 (full 0):
 garbage-first heap   total 87040K, used 52048K [0x0000000080000000, 0x0000000100000000)
  region size 1024K, 2 young (2048K), 2 survivors (2048K)
 Metaspace       used 63005K, committed 63552K, reserved 1114112K
  class space    used 8556K, committed 8832K, reserved 1048576K
}
Event: 65.882 GC heap before
{Heap before GC invocations=30 (full 0):
 garbage-first heap   total 96256K, used 56144K [0x0000000080000000, 0x0000000100000000)
  region size 1024K, 4 young (4096K), 2 survivors (2048K)
 Metaspace       used 63005K, committed 63552K, reserved 1114112K
  class space    used 8556K, committed 8832K, reserved 1048576K
}
Event: 65.886 GC heap after
{Heap after GC invocations=31 (full 0):
 garbage-first heap   total 96256K, used 58164K [0x0000000080000000, 0x0000000100000000)
  region size 1024K, 2 young (2048K), 2 survivors (2048K)
 Metaspace       used 63005K, committed 63552K, reserved 1114112K
  class space    used 8556K, committed 8832K, reserved 1048576K
}
Event: 75.386 GC heap before
{Heap before GC invocations=32 (full 0):
 garbage-first heap   total 101376K, used 61236K [0x0000000080000000, 0x0000000100000000)
  region size 1024K, 5 young (5120K), 2 survivors (2048K)
 Metaspace       used 63044K, committed 63616K, reserved 1114112K
  class space    used 8559K, committed 8832K, reserved 1048576K
}
Event: 75.390 GC heap after
{Heap after GC invocations=33 (full 0):
 garbage-first heap   total 121856K, used 59151K [0x0000000080000000, 0x0000000100000000)
  region size 1024K, 2 young (2048K), 2 survivors (2048K)
 Metaspace       used 63044K, committed 63616K, reserved 1114112K
  class space    used 8559K, committed 8832K, reserved 1048576K
}
Event: 76.785 GC heap before
{Heap before GC invocations=34 (full 0):
 garbage-first heap   total 121856K, used 75535K [0x0000000080000000, 0x0000000100000000)
  region size 1024K, 19 young (19456K), 2 survivors (2048K)
 Metaspace       used 64208K, committed 64704K, reserved 1114112K
  class space    used 8714K, committed 8960K, reserved 1048576K
}
Event: 76.792 GC heap after
{Heap after GC invocations=35 (full 0):
 garbage-first heap   total 121856K, used 61405K [0x0000000080000000, 0x0000000100000000)
  region size 1024K, 3 young (3072K), 3 survivors (3072K)
 Metaspace       used 64208K, committed 64704K, reserved 1114112K
  class space    used 8714K, committed 8960K, reserved 1048576K
}

